2025-01-22 11:21:32,741 - INFO - Journalisation initialisée.
2025-01-22 11:21:32,741 - INFO - Démarrage de l'application.
2025-01-22 11:21:32,827 - INFO - Widgets créés avec succès.
2025-01-22 11:21:32,831 - INFO - Application initialisée.
2025-01-22 11:21:40,618 - INFO - Option 'Numéro d'Article' sélectionnée.
2025-01-22 11:21:43,355 - INFO - Texte d'entrée récupéré.
2025-01-22 11:21:43,356 - INFO - Entrées traitées : ['760312', '760019', '760016', '760354', '760299']
2025-01-22 11:21:43,356 - INFO - Type de recherche : Article
2025-01-22 11:21:43,357 - INFO - Numéro de Société fourni : 7
2025-01-22 11:21:43,357 - INFO - Récupération des données pour l'article : 760312 et la société : 7
2025-01-22 11:21:43,358 - INFO - Tentative d'établissement de la connexion à la base de données.
2025-01-22 11:21:43,678 - INFO - Connexion établie avec succès.
2025-01-22 11:21:43,679 - INFO - Exécution de la requête avec A1ART : '760312' et A1STE : '7'
2025-01-22 11:21:43,880 - INFO - Données trouvées pour A1ART '760312' et A1STE '7': {'A1PNTC': Decimal('60.000'), 'A1LGUC': Decimal('950.000'), 'A1LAUC': Decimal('550.000'), 'A1HAUC': Decimal('410.000'), 'A1VOLU': Decimal('0.214'), 'A1STE': Decimal('7'), 'A1STAT': '20', 'A1ART': Decimal('760312'), 'A1DESI': 'BROYEUR À VÉGÉTAUX THERMIQUE 212CC 7CV            ', 'A1DES2': '                                                                                                                                                                                                                                                          ', 'A1GENC': Decimal('3069317603127'), 'A1MARQ': 'OXEO           ', 'SQTED': Decimal('179.000')}
2025-01-22 11:21:43,880 - INFO - Cursor fermé.
2025-01-22 11:21:43,881 - INFO - Tentative d'établissement de la connexion à la base de données.
2025-01-22 11:21:44,103 - INFO - Connexion établie avec succès.
2025-01-22 11:21:44,103 - INFO - Exécution de la requête de paletisation avec A2ART : '760312' et A2STE : '7'
2025-01-22 11:21:44,257 - INFO - Données de paletisation (dernière ligne) pour '760312': {'A2QTCO': Decimal('1'), 'A2QTCP': Decimal('3'), 'A2QTUCP': Decimal('3'), 'A2QTCOP': Decimal('3')}
2025-01-22 11:21:44,257 - INFO - Cursor fermé.
2025-01-22 11:21:44,258 - INFO - Données récupérées pour l'entrée '760312'.
2025-01-22 11:21:44,258 - INFO - Récupération des données pour l'article : 760019 et la société : 7
2025-01-22 11:21:44,258 - INFO - Tentative d'établissement de la connexion à la base de données.
2025-01-22 11:21:44,263 - INFO - Connexion établie avec succès.
2025-01-22 11:21:44,264 - INFO - Exécution de la requête avec A1ART : '760019' et A1STE : '7'
2025-01-22 11:21:44,268 - INFO - Données trouvées pour A1ART '760019' et A1STE '7': {'A1PNTC': Decimal('4.000'), 'A1LGUC': Decimal('320.000'), 'A1LAUC': Decimal('320.000'), 'A1HAUC': Decimal('345.000'), 'A1VOLU': Decimal('0.035'), 'A1STE': Decimal('7'), 'A1STAT': '40', 'A1ART': Decimal('760019'), 'A1DESI': 'ASPIRATEUR A CENDRES  1200W - 20L                 ', 'A1DES2': '                                                                                                                                                                                                                                                          ', 'A1GENC': Decimal('3233757600194'), 'A1MARQ': 'OXEO           ', 'SQTED': Decimal('1461.000')}
2025-01-22 11:21:44,270 - INFO - Cursor fermé.
2025-01-22 11:21:44,270 - INFO - Tentative d'établissement de la connexion à la base de données.
2025-01-22 11:21:44,273 - INFO - Connexion établie avec succès.
2025-01-22 11:21:44,273 - INFO - Exécution de la requête de paletisation avec A2ART : '760019' et A2STE : '7'
2025-01-22 11:21:44,385 - INFO - Données de paletisation (dernière ligne) pour '760019': {'A2QTCO': Decimal('8'), 'A2QTCP': Decimal('4'), 'A2QTUCP': Decimal('32'), 'A2QTCOP': Decimal('32')}
2025-01-22 11:21:44,385 - INFO - Cursor fermé.
2025-01-22 11:21:44,386 - INFO - Données récupérées pour l'entrée '760019'.
2025-01-22 11:21:44,386 - INFO - Récupération des données pour l'article : 760016 et la société : 7
2025-01-22 11:21:44,386 - INFO - Tentative d'établissement de la connexion à la base de données.
2025-01-22 11:21:44,390 - INFO - Connexion établie avec succès.
2025-01-22 11:21:44,390 - INFO - Exécution de la requête avec A1ART : '760016' et A1STE : '7'
2025-01-22 11:21:44,395 - INFO - Données trouvées pour A1ART '760016' et A1STE '7': {'A1PNTC': Decimal('5.100'), 'A1LGUC': Decimal('220.000'), 'A1LAUC': Decimal('160.000'), 'A1HAUC': Decimal('375.000'), 'A1VOLU': Decimal('0.013'), 'A1STE': Decimal('7'), 'A1STAT': '20', 'A1ART': Decimal('760016'), 'A1DESI': 'POMPE VIDE CAVE EAUX CHARGEES 550W                ', 'A1DES2': '                                                                                                                                                                                                                                                          ', 'A1GENC': Decimal('3233757600163'), 'A1MARQ': 'OXEO           ', 'SQTED': Decimal('821.000')}
2025-01-22 11:21:44,395 - INFO - Cursor fermé.
2025-01-22 11:21:44,395 - INFO - Tentative d'établissement de la connexion à la base de données.
2025-01-22 11:21:44,399 - INFO - Connexion établie avec succès.
2025-01-22 11:21:44,404 - INFO - Exécution de la requête de paletisation avec A2ART : '760016' et A2STE : '7'
2025-01-22 11:21:44,472 - INFO - Données de paletisation (dernière ligne) pour '760016': {'A2QTCO': Decimal('27'), 'A2QTCP': Decimal('4'), 'A2QTUCP': Decimal('432'), 'A2QTCOP': Decimal('108')}
2025-01-22 11:21:44,472 - INFO - Cursor fermé.
2025-01-22 11:21:44,473 - INFO - Données récupérées pour l'entrée '760016'.
2025-01-22 11:21:44,473 - INFO - Récupération des données pour l'article : 760354 et la société : 7
2025-01-22 11:21:44,473 - INFO - Tentative d'établissement de la connexion à la base de données.
2025-01-22 11:21:44,477 - INFO - Connexion établie avec succès.
2025-01-22 11:21:44,477 - INFO - Exécution de la requête avec A1ART : '760354' et A1STE : '7'
2025-01-22 11:21:44,481 - INFO - Données trouvées pour A1ART '760354' et A1STE '7': {'A1PNTC': Decimal('8.150'), 'A1LGUC': Decimal('1200.000'), 'A1LAUC': Decimal('170.000'), 'A1HAUC': Decimal('150.000'), 'A1VOLU': Decimal('0.030'), 'A1STE': Decimal('7'), 'A1STAT': '20', 'A1ART': Decimal('760354'), 'A1DESI': 'FILETS DE CLOTURE A POULE 30M                     ', 'A1DES2': '                                                                                                                                                                                                                                                          ', 'A1GENC': Decimal('3069317603547'), 'A1MARQ': 'OXEO           ', 'SQTED': Decimal('1002.000')}
2025-01-22 11:21:44,482 - INFO - Cursor fermé.
2025-01-22 11:21:44,483 - INFO - Tentative d'établissement de la connexion à la base de données.
2025-01-22 11:21:44,488 - INFO - Connexion établie avec succès.
2025-01-22 11:21:44,489 - INFO - Exécution de la requête de paletisation avec A2ART : '760354' et A2STE : '7'
2025-01-22 11:21:44,553 - INFO - Données de paletisation (dernière ligne) pour '760354': {'A2QTCO': Decimal('4'), 'A2QTCP': Decimal('10'), 'A2QTUCP': Decimal('40'), 'A2QTCOP': Decimal('40')}
2025-01-22 11:21:44,553 - INFO - Cursor fermé.
2025-01-22 11:21:44,554 - INFO - Données récupérées pour l'entrée '760354'.
2025-01-22 11:21:44,554 - INFO - Récupération des données pour l'article : 760299 et la société : 7
2025-01-22 11:21:44,554 - INFO - Tentative d'établissement de la connexion à la base de données.
2025-01-22 11:21:44,558 - INFO - Connexion établie avec succès.
2025-01-22 11:21:44,558 - INFO - Exécution de la requête avec A1ART : '760299' et A1STE : '7'
2025-01-22 11:21:44,565 - INFO - Données trouvées pour A1ART '760299' et A1STE '7': {'A1PNTC': Decimal('1.000'), 'A1LGUC': Decimal('220.000'), 'A1LAUC': Decimal('130.000'), 'A1HAUC': Decimal('40.000'), 'A1VOLU': Decimal('0.001'), 'A1STE': Decimal('7'), 'A1STAT': '20', 'A1ART': Decimal('760299'), 'A1DESI': 'JEU DE 2 SERRE-JOINT À LEVIER                     ', 'A1DES2': '                                                                                                                                                                                                                                                          ', 'A1GENC': Decimal('3233757602990'), 'A1MARQ': 'OXEO           ', 'SQTED': Decimal('0')}
2025-01-22 11:21:44,565 - INFO - Cursor fermé.
2025-01-22 11:21:44,565 - INFO - Tentative d'établissement de la connexion à la base de données.
2025-01-22 11:21:44,570 - INFO - Connexion établie avec succès.
2025-01-22 11:21:44,570 - INFO - Exécution de la requête de paletisation avec A2ART : '760299' et A2STE : '7'
2025-01-22 11:21:44,616 - INFO - Données de paletisation (dernière ligne) pour '760299': {'A2QTCO': Decimal('9'), 'A2QTCP': Decimal('5'), 'A2QTUCP': Decimal('540'), 'A2QTCOP': Decimal('36')}
2025-01-22 11:21:44,617 - INFO - Cursor fermé.
2025-01-22 11:21:44,617 - INFO - Données récupérées pour l'entrée '760299'.
2025-01-22 11:21:44,617 - INFO - Données récupérées via SKUFetcher.
2025-01-22 11:21:44,617 - INFO - Treeview vidé.
2025-01-22 11:21:44,626 - INFO - 5 entrées insérées dans le Treeview et converties en DataFrame.
2025-01-22 11:21:48,730 - INFO - Application terminée normalement.
